= Host-specific information ====================================================
$> hostname; uname -msr
e2r4p22.42.fr
Darwin 15.6.0 x86_64
$> date
Mon Oct 23 00:54:09 CEST 2017
$> gcc --version
Configured with: --prefix=/Applications/Xcode.app/Contents/Developer/usr --with-gxx-include-dir=/usr/include/c++/4.2.1
Apple LLVM version 8.0.0 (clang-800.0.42.1)
Target: x86_64-apple-darwin15.6.0
Thread model: posix
InstalledDir: /Applications/Xcode.app/Contents/Developer/Toolchains/XcodeDefault.xctoolchain/usr/bin
$> clang --version
Apple LLVM version 8.0.0 (clang-800.0.42.1)
Target: x86_64-apple-darwin15.6.0
Thread model: posix
InstalledDir: /Applications/Xcode.app/Contents/Developer/Toolchains/XcodeDefault.xctoolchain/usr/bin

= User files collection ========================================================
Collecting user files from Vogsphere
Repository URL: auto-exam/2017/c-exam-alone-in-the-dark-beginner/practice-exam_20171022/rfulop4

= Git history ==================================================================
$> git -C /var/folders/q_/1pnn3gbn4sqdc1_0rd270v0c0000gq/T/tmp3K7mYB/user log --pretty='%H - %an, %ad : %s'
52442a4c684820e9035750b6fe3e561600481e4c - Remi FULOP, Mon Oct 23 00:54:03 2017 +0200 : print_memory
 
= Collected files ==========================================
$> ls -lAR /var/folders/q_/1pnn3gbn4sqdc1_0rd270v0c0000gq/T/tmp3K7mYB/user
total 8
-rw-r--r--  1 deepthought  deepthought  262 Oct 23 00:54 __GIT_HISTORY
drwxr-xr-x  3 deepthought  deepthought  102 Oct 23 00:54 print_memory

/var/folders/q_/1pnn3gbn4sqdc1_0rd270v0c0000gq/T/tmp3K7mYB/user/print_memory:
total 8
-rw-r--r--  1 deepthought  deepthought  872 Oct 23 00:54 print_memory.c
 
= print_memory =================================================================
$> clang -Wextra -Wall -Werror print_memory.c main.c -o user_exe 

= Test 1 ===================================================
$> ./gzo6s69ld689tz35i85hxliu
$> diff -U 3 user_output_test1 test1.output | cat -e

Diff OK :D
Grade: 1

= Final grade: 1 ===============================================================
