= Host-specific information ====================================================
$> hostname; uname -msr
e2r9p5.42.fr
Darwin 15.6.0 x86_64
$> date
Mon Oct 23 02:40:36 CEST 2017
$> gcc --version
Configured with: --prefix=/Applications/Xcode.app/Contents/Developer/usr --with-gxx-include-dir=/usr/include/c++/4.2.1
Apple LLVM version 8.0.0 (clang-800.0.42.1)
Target: x86_64-apple-darwin15.6.0
Thread model: posix
InstalledDir: /Applications/Xcode.app/Contents/Developer/Toolchains/XcodeDefault.xctoolchain/usr/bin
$> clang --version
Apple LLVM version 8.0.0 (clang-800.0.42.1)
Target: x86_64-apple-darwin15.6.0
Thread model: posix
InstalledDir: /Applications/Xcode.app/Contents/Developer/Toolchains/XcodeDefault.xctoolchain/usr/bin

= User files collection ========================================================
Collecting user files from Vogsphere
Repository URL: auto-exam/2017/c-exam-alone-in-the-dark-beginner/practice-exam_20171023/rfulop3

= Git history ==================================================================
$> git -C /var/folders/mn/l3p_2qqd6b12pqb5c33gscs80000gq/T/tmpzIzWRp/user log --pretty='%H - %an, %ad : %s'
5ac4ba05c044ca36d724500148686990fc5c4cd5 - rfulop, Mon Oct 23 02:40:29 2017 +0200 : boom
 
= Collected files ==========================================
$> ls -lAR /var/folders/mn/l3p_2qqd6b12pqb5c33gscs80000gq/T/tmpzIzWRp/user
total 8
-rw-r--r--  1 deepthought  deepthought  226 Oct 23 02:40 __GIT_HISTORY
drwxr-xr-x  3 deepthought  deepthought  102 Oct 23 02:40 fprime

/var/folders/mn/l3p_2qqd6b12pqb5c33gscs80000gq/T/tmpzIzWRp/user/fprime:
total 8
-rw-r--r--  1 deepthought  deepthought  364 Oct 23 02:40 fprime.c
 
= fprime =======================================================================
$> clang -Wextra -Wall -Werror fprime.c -o user_exe 

= Test 1 ===================================================
$> ./wtp1w94lflcxnnbrj5vj2yir 
$> diff -U 3 user_output_test1 test1.output | cat -e

Diff OK :D
= Test 2 ===================================================
$> ./gxrgf0trdmeoowf8xq9s2mne "1" "2" "3" "4" "5" "6"
$> diff -U 3 user_output_test2 test2.output | cat -e

Diff OK :D
= Test 3 ===================================================
$> ./44cxsj5wb106uv4wfomgw7aw 131
$> diff -U 3 user_output_test3 test3.output | cat -e

Diff OK :D
= Test 4 ===================================================
$> ./a2o02qzscs88v4ehf0vp8ino 86
$> diff -U 3 user_output_test4 test4.output | cat -e

Diff OK :D
= Test 5 ===================================================
$> ./4yk24vdpnac8q98lscxe84az 16
$> diff -U 3 user_output_test5 test5.output | cat -e

Diff OK :D
= Test 6 ===================================================
$> ./krulzpz5dghdgmfmpubsufoe 39
$> diff -U 3 user_output_test6 test6.output | cat -e

Diff OK :D
= Test 7 ===================================================
$> ./z2e817t8oghexss6draduh5x 6
$> diff -U 3 user_output_test7 test7.output | cat -e

Diff OK :D
= Test 8 ===================================================
$> ./z4wy0u4is8qyqr4iss1ui24a 153
$> diff -U 3 user_output_test8 test8.output | cat -e

Diff OK :D
= Test 9 ===================================================
$> ./7fvian2ao8zi1nujkjw5j11q 83
$> diff -U 3 user_output_test9 test9.output | cat -e

Diff OK :D
= Test 10 ==================================================
$> ./8vypbhv9w8w1o7y46f2foiek 99
$> diff -U 3 user_output_test10 test10.output | cat -e

Diff OK :D
= Test 11 ==================================================
$> ./leluhcc644f4i4ffur6raq50 1957701
$> diff -U 3 user_output_test11 test11.output | cat -e

Diff OK :D
= Test 12 ==================================================
$> ./h9f4c4nqk7to8tp9pctfe5mi 1386252
$> diff -U 3 user_output_test12 test12.output | cat -e

Diff OK :D
= Test 13 ==================================================
$> ./w9b0exqj3s9aearye46acxfa 1607277
$> diff -U 3 user_output_test13 test13.output | cat -e

Diff OK :D
= Test 14 ==================================================
$> ./klbz19z048y7hgqupoymxzbh 1532242
$> diff -U 3 user_output_test14 test14.output | cat -e

Diff OK :D
= Test 15 ==================================================
$> ./4otl5dgmu0sypu2c8cq67sk2 1696972
$> diff -U 3 user_output_test15 test15.output | cat -e

Diff OK :D
Grade: 1

= Final grade: 1 ===============================================================
