= Host-specific information ====================================================
$> hostname; uname -msr
e2r12p19.42.fr
Darwin 15.6.0 x86_64
$> date
Thu Oct 12 03:09:06 CEST 2017
$> gcc --version
Configured with: --prefix=/Applications/Xcode.app/Contents/Developer/usr --with-gxx-include-dir=/usr/include/c++/4.2.1
Apple LLVM version 8.0.0 (clang-800.0.42.1)
Target: x86_64-apple-darwin15.6.0
Thread model: posix
InstalledDir: /Applications/Xcode.app/Contents/Developer/Toolchains/XcodeDefault.xctoolchain/usr/bin
$> clang --version
Apple LLVM version 8.0.0 (clang-800.0.42.1)
Target: x86_64-apple-darwin15.6.0
Thread model: posix
InstalledDir: /Applications/Xcode.app/Contents/Developer/Toolchains/XcodeDefault.xctoolchain/usr/bin

= User files collection ========================================================
Collecting user files from Vogsphere
Repository URL: auto-exam/2017/c-exam-alone-in-the-dark-beginner/practice-exam_20171012/rfulop2

= Git history ==================================================================
$> git -C /var/folders/3r/tw9qy50x4hz7f7zdd56__b8w0000gq/T/tmpba7hxG/user log --pretty='%H - %an, %ad : %s'
c0e7264a7f0f5b43890574ed673e27dd9226e836 - Remi FULOP, Thu Oct 12 03:08:51 2017 +0200 : ft_list_remove_if
 
= Collected files ==========================================
$> ls -lAR /var/folders/3r/tw9qy50x4hz7f7zdd56__b8w0000gq/T/tmpba7hxG/user
total 8
-rw-r--r--  1 deepthought  deepthought  258 Oct 12 03:09 __GIT_HISTORY
drwxr-xr-x  3 deepthought  deepthought  102 Oct 12 03:09 ft_list_remove_if

/var/folders/3r/tw9qy50x4hz7f7zdd56__b8w0000gq/T/tmpba7hxG/user/ft_list_remove_if:
total 8
-rw-r--r--  1 deepthought  deepthought  472 Oct 12 03:09 ft_list_remove_if.c
 
= ft_list_remove_if ============================================================
$> clang -Wextra -Wall -Werror ft_list_remove_if.c ft_create_elem.c main.c -o user_exe 

= Test 1 ===================================================
$> ./97fwwssfb0eh56wo5rpx1fa1 
$> diff -U 3 user_output_test1 test1.output | cat -e

Diff OK :D
= Test 2 ===================================================
$> ./in6ynzbb12d5phn2pjv14rt8 "9kR3og1S2usbfBQ"
$> diff -U 3 user_output_test2 test2.output | cat -e

Diff OK :D
= Test 3 ===================================================
$> ./2la08mtr9ivu3rxf7cx5n5d1 "z0XY"
$> diff -U 3 user_output_test3 test3.output | cat -e

Diff OK :D
= Test 4 ===================================================
$> ./2antdqxmm9uycqjn5vigb0n8 "A8Tj QJ1p0 TsBl aw1XMZ 8CKgsRU5lL49d 5d9QZkzU 3SwpuEtW5BYv WO0pTnaFmD FrLkn nciwy0t1ISVEAoxR3 anoFBeJ0mV5ZN LAjShJY4KCMBw6fc uUlm3d9 8JeVf oRWkVN0SY2iI WApdtHOQ2ralB0 I24hqu5lpm6c"
$> diff -U 3 user_output_test4 test4.output | cat -e

Diff OK :D
= Test 5 ===================================================
$> ./0kdmnn39vt0vkq4anw95z295 "h1uEKG3r4wzl UxABk ZicL90a bWnJtXPcKr3moE IOcSLguvW"
$> diff -U 3 user_output_test5 test5.output | cat -e

Diff OK :D
= Test 6 ===================================================
$> ./d07d3ccm8pl8javz7lx5ul1j "NID2WMfC" "Lv0XQ7aR" "qbYLSnHj5pCh68" "KXMixF6S9IP8l" "Pm7o1RAx4a6" "njzK9Cgl4vmRQLY" "FafSrJPyp0O2VW7hg" "EDNOLjG"
Command './d07d3ccm8pl8javz7lx5ul1j "NID2WMfC" "Lv0XQ7aR" "qbYLSnHj5pCh68" "KXMixF6S9IP8l" "Pm7o1RAx4a6" "njzK9Cgl4vmRQLY" "FafSrJPyp0O2VW7hg" "EDNOLjG"' got killed by a Segmentation fault (Signal -11)
Grade: 0

= Final grade: 0 ===============================================================
